c:\users\dubs\source\repos\mandelbrot experiment\debug\mandelbrot experiment.pch
c:\users\dubs\source\repos\mandelbrot experiment\debug\vc142.pdb
c:\users\dubs\source\repos\mandelbrot experiment\debug\vc142.idb
c:\users\dubs\source\repos\mandelbrot experiment\debug\pch.obj
c:\users\dubs\source\repos\mandelbrot experiment\debug\zoomlist.obj
c:\users\dubs\source\repos\mandelbrot experiment\debug\rgbb.obj
c:\users\dubs\source\repos\mandelbrot experiment\debug\messenger.obj
c:\users\dubs\source\repos\mandelbrot experiment\debug\mandelbrot.obj
c:\users\dubs\source\repos\mandelbrot experiment\debug\mandelbrot experimentdlg.obj
c:\users\dubs\source\repos\mandelbrot experiment\debug\mandelbrot experiment.obj
c:\users\dubs\source\repos\mandelbrot experiment\debug\fractalcreator.obj
c:\users\dubs\source\repos\mandelbrot experiment\debug\fractal.obj
c:\users\dubs\source\repos\mandelbrot experiment\debug\bitmap.obj
c:\users\dubs\source\repos\mandelbrot experiment\debug\cstaticsubclass.obj
c:\users\dubs\source\repos\mandelbrot experiment\debug\cstaticsub.obj
c:\users\dubs\source\repos\mandelbrot experiment\debug\mandelbrot experiment.exe
c:\users\dubs\source\repos\mandelbrot experiment\debug\mandelbrot experiment.ilk
c:\users\dubs\source\repos\mandelbrot experiment\debug\mandelbrot experiment.pdb
c:\users\dubs\source\repos\mandelbrot experiment\debug\mandelbrotexperiment.res
c:\users\dubs\source\repos\mandelbrot experiment\debug\mandelbrot experimentdlg.new.obj.enc
c:\users\dubs\source\repos\mandelbrot experiment\debug\mandelbr.18a38b6f.tlog\cl.command.1.tlog
c:\users\dubs\source\repos\mandelbrot experiment\debug\mandelbr.18a38b6f.tlog\cl.read.1.tlog
c:\users\dubs\source\repos\mandelbrot experiment\debug\mandelbr.18a38b6f.tlog\cl.write.1.tlog
c:\users\dubs\source\repos\mandelbrot experiment\debug\mandelbr.18a38b6f.tlog\link.command.1.tlog
c:\users\dubs\source\repos\mandelbrot experiment\debug\mandelbr.18a38b6f.tlog\link.read.1.tlog
c:\users\dubs\source\repos\mandelbrot experiment\debug\mandelbr.18a38b6f.tlog\link.write.1.tlog
c:\users\dubs\source\repos\mandelbrot experiment\debug\mandelbr.18a38b6f.tlog\rc.command.1.tlog
c:\users\dubs\source\repos\mandelbrot experiment\debug\mandelbr.18a38b6f.tlog\rc.read.1.tlog
c:\users\dubs\source\repos\mandelbrot experiment\debug\mandelbr.18a38b6f.tlog\rc.write.1.tlog
